d:\visual studio 2015 projects\socket\server\debug\vc140.pdb
d:\visual studio 2015 projects\socket\server\debug\vc140.idb
d:\visual studio 2015 projects\socket\server\debug\clientlist.obj
d:\visual studio 2015 projects\socket\server\debug\csocket.obj
d:\visual studio 2015 projects\socket\server\debug\server.obj
d:\visual studio 2015 projects\socket\server\debug\sserver.obj
d:\visual studio 2015 projects\socket\server\debug\serverd.ilk
d:\visual studio 2015 projects\socket\server\debug\serverd.exe
d:\visual studio 2015 projects\socket\server\debug\server.exe.intermediate.manifest
d:\visual studio 2015 projects\socket\server\debug\server.pdb
d:\visual studio 2015 projects\socket\server\debug\server.exe.manifest
d:\visual studio 2015 projects\socket\server\debug\server.ilk
d:\visual studio 2015 projects\socket\server\debug\server.exe
d:\visual studio 2015 projects\socket\server\debug\server.tlog\cl.command.1.tlog
d:\visual studio 2015 projects\socket\server\debug\server.tlog\cl.read.1.tlog
d:\visual studio 2015 projects\socket\server\debug\server.tlog\cl.write.1.tlog
d:\visual studio 2015 projects\socket\server\debug\server.tlog\link.command.1.tlog
d:\visual studio 2015 projects\socket\server\debug\server.tlog\link.read.1.tlog
d:\visual studio 2015 projects\socket\server\debug\server.tlog\link.write.1.tlog
d:\visual studio 2015 projects\socket\server\debug\server.tlog\mt.command.1.tlog
d:\visual studio 2015 projects\socket\server\debug\server.tlog\mt.read.1.tlog
d:\visual studio 2015 projects\socket\server\debug\server.tlog\mt.write.1.tlog
